# JRE version: Java(TM) SE Runtime Environment (8.0_151-b12) (build 1.8.0_151-b12)
# Java VM: Java HotSpot(TM) Client VM (25.151-b12 mixed mode, sharing windows-x86 )
Heap:
 def new generation   total 13952K, used 10374K [0x04200000, 0x05120000, 0x09750000)
  eden space 12416K,  83% used [0x04200000, 0x04c21bc0, 0x04e20000)
  from space 1536K,   0% used [0x04e20000, 0x04e20000, 0x04fa0000)
  to   space 1536K,   0% used [0x04fa0000, 0x04fa0000, 0x05120000)
 tenured generation   total 30860K, used 9461K [0x09750000, 0x0b573000, 0x14200000)
   the space 30860K,  30% used [0x09750000, 0x0a08d6f8, 0x0a08d800, 0x0b573000)
 Metaspace       used 1966K, capacity 3372K, committed 3392K, reserved 4480K
GC Heap History (10 events):
Event: 12.940 GC heap before
{Heap before GC invocations=347 (full 45):
 def new generation   total 13952K, used 12241K [0x04200000, 0x05120000, 0x09750000)
  eden space 12416K,  91% used [0x04200000, 0x04d11e70, 0x04e20000)
  from space 1536K,  58% used [0x04fa0000, 0x05082818, 0x05120000)
  to   space 1536K,   0% used [0x04e20000, 0x04e20000, 0x04fa0000)
 tenured generation   total 30860K, used 17865K [0x09750000, 0x0b573000, 0x14200000)
   the space 30860K,  57% used [0x09750000, 0x0a8c2718, 0x0a8c2800, 0x0b573000)
 Metaspace       used 1944K, capacity 3372K, committed 3392K, reserved 4480K
Event: 12.941 GC heap after
Heap after GC invocations=348 (full 45):
 def new generation   total 13952K, used 1203K [0x04200000, 0x05120000, 0x09750000)
  eden space 12416K,   0% used [0x04200000, 0x04200000, 0x04e20000)
  from space 1536K,  78% used [0x04e20000, 0x04f4cd78, 0x04fa0000)
  to   space 1536K,   0% used [0x04fa0000, 0x04fa0000, 0x05120000)
 tenured generation   total 30860K, used 19667K [0x09750000, 0x0b573000, 0x14200000)
   the space 30860K,  63% used [0x09750000, 0x0aa84de8, 0x0aa84e00, 0x0b573000)
 Metaspace       used 1944K, capacity 3372K, committed 3392K, reserved 4480K
}
Event: 12.965 GC heap before
{Heap before GC invocations=348 (full 45):
 def new generation   total 13952K, used 13476K [0x04200000, 0x05120000, 0x09750000)
  eden space 12416K,  98% used [0x04200000, 0x04dfc650, 0x04e20000)
  from space 1536K,  78% used [0x04e20000, 0x04f4cd78, 0x04fa0000)
  to   space 1536K,   0% used [0x04fa0000, 0x04fa0000, 0x05120000)
 tenured generation   total 30860K, used 19667K [0x09750000, 0x0b573000, 0x14200000)
   the space 30860K,  63% used [0x09750000, 0x0aa84de8, 0x0aa84e00, 0x0b573000)
 Metaspace       used 1944K, capacity 3372K, committed 3392K, reserved 4480K
Event: 12.966 GC heap after
Heap after GC invocations=349 (full 45):
 def new generation   total 13952K, used 902K [0x04200000, 0x05120000, 0x09750000)
  eden space 12416K,   0% used [0x04200000, 0x04200000, 0x04e20000)
  from space 1536K,  58% used [0x04fa0000, 0x05081848, 0x05120000)
  to   space 1536K,   0% used [0x04e20000, 0x04e20000, 0x04fa0000)
 tenured generation   total 30860K, used 22070K [0x09750000, 0x0b573000, 0x14200000)
   the space 30860K,  71% used [0x09750000, 0x0acdda70, 0x0acddc00, 0x0b573000)
 Metaspace       used 1944K, capacity 3372K, committed 3392K, reserved 4480K
}
Event: 12.987 GC heap before
{Heap before GC invocations=349 (full 45):
 def new generation   total 13952K, used 12229K [0x04200000, 0x05120000, 0x09750000)
  eden space 12416K,  91% used [0x04200000, 0x04d0fd90, 0x04e20000)
  from space 1536K,  58% used [0x04fa0000, 0x05081848, 0x05120000)
  to   space 1536K,   0% used [0x04e20000, 0x04e20000, 0x04fa0000)
 tenured generation   total 30860K, used 22070K [0x09750000, 0x0b573000, 0x14200000)
   the space 30860K,  71% used [0x09750000, 0x0acdda70, 0x0acddc00, 0x0b573000)
 Metaspace       used 1944K, capacity 3372K, committed 3392K, reserved 4480K
Event: 12.988 GC heap after
Heap after GC invocations=350 (full 45):
 def new generation   total 13952K, used 1204K [0x04200000, 0x05120000, 0x09750000)
  eden space 12416K,   0% used [0x04200000, 0x04200000, 0x04e20000)
  from space 1536K,  78% used [0x04e20000, 0x04f4d0f0, 0x04fa0000)
  to   space 1536K,   0% used [0x04fa0000, 0x04fa0000, 0x05120000)
 tenured generation   total 30860K, used 23872K [0x09750000, 0x0b573000, 0x14200000)
   the space 30860K,  77% used [0x09750000, 0x0aea0040, 0x0aea0200, 0x0b573000)
 Metaspace       used 1944K, capacity 3372K, committed 3392K, reserved 4480K
}
Event: 13.026 GC heap before
{Heap before GC invocations=350 (full 45):
 def new generation   total 13952K, used 13472K [0x04200000, 0x05120000, 0x09750000)
  eden space 12416K,  98% used [0x04200000, 0x04dfb088, 0x04e20000)
  from space 1536K,  78% used [0x04e20000, 0x04f4d0f0, 0x04fa0000)
  to   space 1536K,   0% used [0x04fa0000, 0x04fa0000, 0x05120000)
 tenured generation   total 30860K, used 26572K [0x09750000, 0x0b573000, 0x14200000)
   the space 30860K,  86% used [0x09750000, 0x0b143070, 0x0b143200, 0x0b573000)
 Metaspace       used 1944K, capacity 3372K, committed 3392K, reserved 4480K
Event: 13.027 GC heap after
Heap after GC invocations=351 (full 45):
 def new generation   total 13952K, used 1201K [0x04200000, 0x05120000, 0x09750000)
  eden space 12416K,   0% used [0x04200000, 0x04200000, 0x04e20000)
  from space 1536K,  78% used [0x04fa0000, 0x050cc798, 0x05120000)
  to   space 1536K,   0% used [0x04e20000, 0x04e20000, 0x04fa0000)
 tenured generation   total 30860K, used 27776K [0x09750000, 0x0b573000, 0x14200000)
   the space 30860K,  90% used [0x09750000, 0x0b270060, 0x0b270200, 0x0b573000)
 Metaspace       used 1944K, capacity 3372K, committed 3392K, reserved 4480K
}
Event: 13.048 GC heap before
{Heap before GC invocations=351 (full 45):
 def new generation   total 13952K, used 12849K [0x04200000, 0x05120000, 0x09750000)
  eden space 12416K,  93% used [0x04200000, 0x04d5fcb0, 0x04e20000)
  from space 1536K,  78% used [0x04fa0000, 0x050cc798, 0x05120000)
  to   space 1536K,   0% used [0x04e20000, 0x04e20000, 0x04fa0000)
 tenured generation   total 30860K, used 27776K [0x09750000, 0x0b573000, 0x14200000)
   the space 30860K,  90% used [0x09750000, 0x0b270060, 0x0b270200, 0x0b573000)
 Metaspace       used 1944K, capacity 3372K, committed 3392K, reserved 4480K
Event: 13.059 GC heap after
Heap after GC invocations=352 (full 46):
 def new generation   total 13952K, used 0K [0x04200000, 0x05120000, 0x09750000)
  eden space 12416K,   0% used [0x04200000, 0x04200000, 0x04e20000)
  from space 1536K,   0% used [0x04e20000, 0x04e20000, 0x04fa0000)
  to   space 1536K,   0% used [0x04fa0000, 0x04fa0000, 0x05120000)
 tenured generation   total 30860K, used 9461K [0x09750000, 0x0b573000, 0x14200000)
   the space 30860K,  30% used [0x09750000, 0x0a08d6f8, 0x0a08d800, 0x0b573000)
 Metaspace       used 1944K, capacity 3372K, committed 3392K, reserved 4480K
}

